<?xml version="1.0" encoding="UTF-8"?>
<!-- Generated by org.testng.reporters.JUnitReportReporter -->
<testsuite hostname="LAPTOP-ITJRHPCH" failures="0" tests="1" name="com.example.TestngDemo" time="5.157" errors="0" timestamp="2022-10-02T20:49:34 IST" skipped="0">
  <testcase classname="com.example.TestngDemo" name="f" time="5.157"/>
  <system-out/>
</testsuite> <!-- com.example.TestngDemo -->
