<?xml version="1.0" encoding="UTF-8"?>
<!-- Generated by org.testng.reporters.JUnitReportReporter -->
<testsuite skipped="0" hostname="LAPTOP-ITJRHPCH" name="com.example.TestngDemo" tests="1" failures="0" timestamp="02 Oct 2022 16:08:13 GMT" time="5.142" errors="0">
  <testcase name="f" time="5.142" classname="com.example.TestngDemo"/>
</testsuite> <!-- com.example.TestngDemo -->
