<?xml version="1.0" encoding="UTF-8"?>
<!-- Generated by org.testng.reporters.JUnitReportReporter -->
<testsuite hostname="LAPTOP-ITJRHPCH" failures="0" tests="1" name="com.example.TestngDemo" time="4.163" errors="0" timestamp="02 Oct 2022 16:27:33 GMT" skipped="0">
  <testcase classname="com.example.TestngDemo" name="f" time="4.163"/>
</testsuite> <!-- com.example.TestngDemo -->
